#8 1 17000 17000 10 1000 11.462389 44.443846 55.906235 # o2wn14 
#8 1 17000 17000 10 1000 11.467206 44.436369 55.903575 # o2wn14 
#8 1 17000 17000 10 1000 11.451042 44.455500 55.906542 # o2wn14 
#8 1 17000 17000 10 1000 11.446177 44.457556 55.903733 # o2wn14 
#8 1 17000 17000 10 1000 11.443538 44.462698 55.906236 # o2wn14 
8 1 17000 17000 10 1000 11.467235 44.439320 55.906555 # o2wn14 
#8 1 17000 17000 10 1000 11.446762 44.457137 55.903899 # o2wn14 
#8 1 17000 17000 10 1000 10.755500 45.151071 55.906571 # o2wn14 
#8 1 17000 17000 10 0 11.425952 46.724862 58.150814 # o2wn14 
#8 1 17000 17000 10 0 11.492209 46.658554 58.150763 # o2wn14 
#8 1 17000 17000 10 0 11.427170 46.712508 58.139678 # o2wn14 
8 1 17000 17000 10 0 11.503696 46.647135 58.150831 # o2wn14 
#8 1 17000 17000 10 0 12.162321 45.988792 58.151113 # o2wn14 
#8 1 17000 17000 10 0 11.444208 46.706889 58.151097 # o2wn14 
#8 1 17000 17000 10 0 11.447029 46.696599 58.143628 # o2wn14 
#8 1 17000 17000 10 0 12.142116 46.007638 58.149754 # o2wn14 
#8 1 8000 8000 10 1000 3.123637 10.899788 14.023425 # o2wn14 
8 1 8000 8000 10 1000 2.611901 11.411741 14.023642 # o2wn14 
#8 1 8000 8000 10 1000 2.609123 11.414049 14.023172 # o2wn14 
#8 1 8000 8000 10 1000 2.610895 11.412750 14.023645 # o2wn14 
#8 1 8000 8000 10 1000 3.089182 10.934154 14.023336 # o2wn14 
#8 1 8000 8000 10 1000 2.880423 11.143030 14.023453 # o2wn14 
#8 1 8000 8000 10 1000 2.609151 11.414022 14.023173 # o2wn14 
#8 1 8000 8000 10 1000 2.945232 11.078194 14.023426 # o2wn14 
8 1 8000 8000 10 0 2.559342 9.930447 12.489789 # o2wn14 
#8 1 8000 8000 10 0 2.862813 9.626089 12.488902 # o2wn14 
#8 1 8000 8000 10 0 2.550505 9.938637 12.489142 # o2wn14 
#8 1 8000 8000 10 0 2.933023 9.552857 12.485880 # o2wn14 
#8 1 8000 8000 10 0 2.556107 9.932731 12.488838 # o2wn14 
#8 1 8000 8000 10 0 2.565254 9.923999 12.489253 # o2wn14 
#8 1 8000 8000 10 0 2.767733 9.716722 12.484455 # o2wn14 
#8 1 8000 8000 10 0 2.785247 9.699718 12.484965 # o2wn14 
#8 1 4000 4000 10 1000 0.638227 2.471697 3.109924 # o2wn14 
#8 1 4000 4000 10 1000 0.687951 2.419994 3.107945 # o2wn14 
#8 1 4000 4000 10 1000 0.666109 2.443565 3.109674 # o2wn14 
#8 1 4000 4000 10 1000 0.673458 2.436078 3.109536 # o2wn14 
#8 1 4000 4000 10 1000 0.671717 2.437817 3.109534 # o2wn14 
#8 1 4000 4000 10 1000 0.676508 2.433017 3.109525 # o2wn14 
#8 1 4000 4000 10 1000 0.645650 2.463855 3.109505 # o2wn14 
8 1 4000 4000 10 1000 0.688916 2.420855 3.109771 # o2wn14 
#8 1 4000 4000 10 0 0.789035 2.586476 3.375511 # o2wn14 
#8 1 4000 4000 10 0 0.736446 2.639063 3.375509 # o2wn14 
#8 1 4000 4000 10 0 0.663746 2.711768 3.375514 # o2wn14 
#8 1 4000 4000 10 0 0.672273 2.703046 3.375319 # o2wn14 
#8 1 4000 4000 10 0 0.785506 2.589985 3.375491 # o2wn14 
#8 1 4000 4000 10 0 0.747519 2.627799 3.375318 # o2wn14 
8 1 4000 4000 10 0 0.666233 2.709289 3.375522 # o2wn14 
#8 1 4000 4000 10 0 0.651831 2.724000 3.375831 # o2wn14 
#8 1 2000 2000 10 1000 0.177818 0.616784 0.794602 # o2wn14 
#8 1 2000 2000 10 1000 0.205885 0.584132 0.790017 # o2wn14 
#8 1 2000 2000 10 1000 0.159577 0.634822 0.794399 # o2wn14 
#8 1 2000 2000 10 1000 0.217311 0.573015 0.790326 # o2wn14 
#8 1 2000 2000 10 1000 0.203700 0.594426 0.798126 # o2wn14 
8 1 2000 2000 10 1000 0.194761 0.603431 0.798192 # o2wn14 
#8 1 2000 2000 10 1000 0.209870 0.584345 0.794215 # o2wn14 
#8 1 2000 2000 10 1000 0.196775 0.593938 0.790713 # o2wn14 
#8 1 2000 2000 10 0 0.209926 0.615714 0.825640 # o2wn14 
#8 1 2000 2000 10 0 0.183516 0.642105 0.825621 # o2wn14 
#8 1 2000 2000 10 0 0.169536 0.652950 0.822486 # o2wn14 
#8 1 2000 2000 10 0 0.188698 0.629058 0.817756 # o2wn14 
#8 1 2000 2000 10 0 0.192222 0.629560 0.821782 # o2wn14 
8 1 2000 2000 10 0 0.213839 0.612035 0.825874 # o2wn14 
#8 1 2000 2000 10 0 0.199236 0.626653 0.825889 # o2wn14 
#8 1 2000 2000 10 0 0.191664 0.626179 0.817843 # o2wn14 
#8 1 1000 1000 10 1000 0.066637 0.199503 0.266140 # o2wn14 
#8 1 1000 1000 10 1000 0.066305 0.194666 0.260971 # o2wn14 
8 1 1000 1000 10 1000 0.048092 0.216224 0.264316 # o2wn14 
#8 1 1000 1000 10 1000 0.066359 0.199629 0.265988 # o2wn14 
#8 1 1000 1000 10 1000 0.069180 0.197391 0.266571 # o2wn14 
#8 1 1000 1000 10 1000 0.065686 0.198751 0.264437 # o2wn14 
#8 1 1000 1000 10 1000 0.065652 0.195428 0.261080 # o2wn14 
#8 1 1000 1000 10 1000 0.055721 0.205216 0.260937 # o2wn14 
#8 1 1000 1000 10 0 0.053673 0.203356 0.257029 # o2wn14 
8 1 1000 1000 10 0 0.064812 0.192259 0.257071 # o2wn14 
#8 1 1000 1000 10 0 0.068100 0.188643 0.256743 # o2wn14 
#8 1 1000 1000 10 0 0.059153 0.197925 0.257078 # o2wn14 
#8 1 1000 1000 10 0 0.050074 0.206782 0.256856 # o2wn14 
#8 1 1000 1000 10 0 0.068520 0.188186 0.256706 # o2wn14 
#8 1 1000 1000 10 0 0.066411 0.190139 0.256550 # o2wn14 
#8 1 1000 1000 10 0 0.066734 0.189814 0.256548 # o2wn14 
4 1 17000 17000 10 1000 11.430840 44.954570 56.385410 # o2wn14 
#4 1 17000 17000 10 1000 11.471513 44.912646 56.384159 # o2wn14 
#4 1 17000 17000 10 1000 11.460639 44.923963 56.384602 # o2wn14 
#4 1 17000 17000 10 1000 11.459380 44.923988 56.383368 # o2wn14 
4 1 17000 17000 10 0 11.426524 44.302648 55.729172 # o2wn14 
#4 1 17000 17000 10 0 11.427672 44.301644 55.729316 # o2wn14 
#4 1 17000 17000 10 0 11.427226 44.299958 55.727184 # o2wn14 
#4 1 17000 17000 10 0 11.282983 44.446206 55.729189 # o2wn14 
4 1 8000 8000 10 1000 2.554659 9.045830 11.600489 # o2wn14 
#4 1 8000 8000 10 1000 2.558041 9.038983 11.597024 # o2wn14 
#4 1 8000 8000 10 1000 2.563324 9.036341 11.599665 # o2wn14 
#4 1 8000 8000 10 1000 2.552180 9.045635 11.597815 # o2wn14 
4 1 8000 8000 10 0 2.561461 9.188170 11.749631 # o2wn14 
#4 1 8000 8000 10 0 2.560565 9.190858 11.751423 # o2wn14 
#4 1 8000 8000 10 0 2.569972 9.182195 11.752167 # o2wn14 
#4 1 8000 8000 10 0 2.542242 9.206937 11.749179 # o2wn14 
#4 1 4000 4000 10 1000 0.670738 2.261217 2.931955 # o2wn14 
#4 1 4000 4000 10 1000 0.644622 2.286903 2.931525 # o2wn14 
#4 1 4000 4000 10 1000 0.661365 2.270365 2.931730 # o2wn14 
4 1 4000 4000 10 1000 0.665572 2.262232 2.927804 # o2wn14 
4 1 4000 4000 10 0 0.651124 2.303109 2.954233 # o2wn14 
#4 1 4000 4000 10 0 0.656866 2.294128 2.950994 # o2wn14 
#4 1 4000 4000 10 0 0.656989 2.293749 2.950738 # o2wn14 
#4 1 4000 4000 10 0 0.653255 2.300250 2.953505 # o2wn14 
4 1 2000 2000 10 1000 0.204529 0.571911 0.776440 # o2wn14 
#4 1 2000 2000 10 1000 0.189976 0.577027 0.767003 # o2wn14 
#4 1 2000 2000 10 1000 0.203595 0.571972 0.775567 # o2wn14 
#4 1 2000 2000 10 1000 0.191585 0.580051 0.771636 # o2wn14 
4 1 2000 2000 10 0 0.179340 0.595417 0.774757 # o2wn14 
#4 1 2000 2000 10 0 0.201476 0.570825 0.772301 # o2wn14 
#4 1 2000 2000 10 0 0.174057 0.594927 0.768984 # o2wn14 
#4 1 2000 2000 10 0 0.200884 0.573193 0.774077 # o2wn14 
4 1 1000 1000 10 1000 0.045155 0.169471 0.214626 # o2wn14 
#4 1 1000 1000 10 1000 0.050381 0.161969 0.212350 # o2wn14 
#4 1 1000 1000 10 1000 0.056545 0.158089 0.214634 # o2wn14 
#4 1 1000 1000 10 1000 0.059917 0.152433 0.212350 # o2wn14 
#4 1 1000 1000 10 0 0.060173 0.169928 0.230101 # o2wn14 
#4 1 1000 1000 10 0 0.049944 0.180326 0.230270 # o2wn14 
#4 1 1000 1000 10 0 0.057764 0.174151 0.231915 # o2wn14 
4 1 1000 1000 10 0 0.068831 0.163343 0.232174 # o2wn14 
1 1 17000 17000 10 1000 11.402052 43.723330 55.125382 # o2wn14 
1 1 17000 17000 10 0 11.409347 43.727690 55.137037 # o2wn14 
1 1 8000 8000 10 1000 2.546380 8.992435 11.538815 # o2wn14 
1 1 8000 8000 10 0 2.538652 9.004336 11.542988 # o2wn14 
1 1 4000 4000 10 1000 0.642715 2.248134 2.890849 # o2wn14 
1 1 4000 4000 10 0 0.646030 2.252182 2.898212 # o2wn14 
1 1 2000 2000 10 1000 0.167752 0.561223 0.728975 # o2wn14 
1 1 2000 2000 10 0 0.167272 0.561534 0.728806 # o2wn14 
1 1 1000 1000 10 1000 0.048386 0.139507 0.187893 # o2wn14 
1 1 1000 1000 10 0 0.048350 0.139823 0.188173 # o2wn14 
