#8 1 17000 17000 10 1000 12.346282 47.793176 60.139458 # o2wn13 
#8 1 17000 17000 10 1000 11.324997 48.814106 60.139103 # o2wn13 
#8 1 17000 17000 10 1000 12.026594 48.111728 60.138322 # o2wn13 
#8 1 17000 17000 10 1000 11.203506 48.934943 60.138449 # o2wn13 
#8 1 17000 17000 10 1000 11.556375 48.582348 60.138723 # o2wn13 
8 1 17000 17000 10 1000 12.073358 48.065914 60.139272 # o2wn13 
#8 1 17000 17000 10 1000 12.225250 47.914219 60.139469 # o2wn13 
#8 1 17000 17000 10 1000 11.931296 48.206911 60.138207 # o2wn13 
#8 1 17000 17000 10 0 11.673636 50.359941 62.033577 # o2wn13 
#8 1 17000 17000 10 0 11.494802 50.539044 62.033846 # o2wn13 
#8 1 17000 17000 10 0 12.420804 49.612914 62.033718 # o2wn13 
8 1 17000 17000 10 0 12.237288 49.796871 62.034159 # o2wn13 
#8 1 17000 17000 10 0 12.259174 49.774998 62.034172 # o2wn13 
#8 1 17000 17000 10 0 12.273143 49.760609 62.033752 # o2wn13 
#8 1 17000 17000 10 0 14.031433 48.002336 62.033769 # o2wn13 
#8 1 17000 17000 10 0 12.284478 49.749087 62.033565 # o2wn13 
8 1 8000 8000 10 1000 2.723175 9.866763 12.589938 # o2wn13 
#8 1 8000 8000 10 1000 2.740343 9.849288 12.589631 # o2wn13 
#8 1 8000 8000 10 1000 2.762298 9.827455 12.589753 # o2wn13 
#8 1 8000 8000 10 1000 2.684633 9.905024 12.589657 # o2wn13 
#8 1 8000 8000 10 1000 2.588993 9.998922 12.587915 # o2wn13 
#8 1 8000 8000 10 1000 2.692367 9.897550 12.589917 # o2wn13 
#8 1 8000 8000 10 1000 2.745242 9.842417 12.587659 # o2wn13 
#8 1 8000 8000 10 1000 2.737855 9.849443 12.587298 # o2wn13 
#8 1 8000 8000 10 0 2.743889 9.729308 12.473197 # o2wn13 
8 1 8000 8000 10 0 2.732786 9.740507 12.473293 # o2wn13 
#8 1 8000 8000 10 0 2.734229 9.739064 12.473293 # o2wn13 
#8 1 8000 8000 10 0 2.416571 10.056907 12.473478 # o2wn13 
#8 1 8000 8000 10 0 2.738987 9.734251 12.473238 # o2wn13 
#8 1 8000 8000 10 0 2.744228 9.729257 12.473485 # o2wn13 
#8 1 8000 8000 10 0 2.658891 9.814586 12.473477 # o2wn13 
#8 1 8000 8000 10 0 2.585534 9.887562 12.473096 # o2wn13 
#8 1 4000 4000 10 1000 0.699264 2.477666 3.176930 # o2wn13 
#8 1 4000 4000 10 1000 0.694875 2.479294 3.174169 # o2wn13 
#8 1 4000 4000 10 1000 0.695029 2.479368 3.174397 # o2wn13 
#8 1 4000 4000 10 1000 0.718211 2.458229 3.176440 # o2wn13 
#8 1 4000 4000 10 1000 0.696003 2.478522 3.174525 # o2wn13 
8 1 4000 4000 10 1000 0.661130 2.515795 3.176925 # o2wn13 
#8 1 4000 4000 10 1000 0.671010 2.505546 3.176556 # o2wn13 
#8 1 4000 4000 10 1000 0.698274 2.476164 3.174438 # o2wn13 
#8 1 4000 4000 10 0 0.715277 2.477303 3.192580 # o2wn13 
#8 1 4000 4000 10 0 0.702970 2.491052 3.194022 # o2wn13 
#8 1 4000 4000 10 0 0.710314 2.483864 3.194178 # o2wn13 
#8 1 4000 4000 10 0 0.669837 2.524353 3.194190 # o2wn13 
8 1 4000 4000 10 0 0.709278 2.484973 3.194251 # o2wn13 
#8 1 4000 4000 10 0 0.671016 2.523173 3.194189 # o2wn13 
#8 1 4000 4000 10 0 0.709778 2.483596 3.193374 # o2wn13 
#8 1 4000 4000 10 0 0.701393 2.491438 3.192831 # o2wn13 
8 1 2000 2000 10 1000 0.197642 0.622198 0.819840 # o2wn13 
#8 1 2000 2000 10 1000 0.192098 0.628913 0.821011 # o2wn13 
#8 1 2000 2000 10 1000 0.186301 0.632528 0.818829 # o2wn13 
#8 1 2000 2000 10 1000 0.201188 0.617640 0.818828 # o2wn13 
#8 1 2000 2000 10 1000 0.171611 0.647730 0.819341 # o2wn13 
#8 1 2000 2000 10 1000 0.191300 0.630249 0.821549 # o2wn13 
#8 1 2000 2000 10 1000 0.196913 0.621764 0.818677 # o2wn13 
#8 1 2000 2000 10 1000 0.180262 0.640233 0.820495 # o2wn13 
#8 1 2000 2000 10 0 0.183232 0.624650 0.807882 # o2wn13 
#8 1 2000 2000 10 0 0.189765 0.622069 0.811834 # o2wn13 
#8 1 2000 2000 10 0 0.182009 0.630602 0.812611 # o2wn13 
#8 1 2000 2000 10 0 0.170208 0.637327 0.807535 # o2wn13 
#8 1 2000 2000 10 0 0.201468 0.611074 0.812542 # o2wn13 
8 1 2000 2000 10 0 0.189475 0.623540 0.813015 # o2wn13 
#8 1 2000 2000 10 0 0.197247 0.614523 0.811770 # o2wn13 
#8 1 2000 2000 10 0 0.187606 0.625420 0.813026 # o2wn13 
8 1 1000 1000 10 1000 0.065682 0.153407 0.219089 # o2wn13 
#8 1 1000 1000 10 1000 0.064567 0.154516 0.219083 # o2wn13 
#8 1 1000 1000 10 1000 0.058581 0.157879 0.216460 # o2wn13 
#8 1 1000 1000 10 1000 0.044047 0.175482 0.219529 # o2wn13 
#8 1 1000 1000 10 1000 0.064396 0.154688 0.219084 # o2wn13 
#8 1 1000 1000 10 1000 0.065502 0.153540 0.219042 # o2wn13 
#8 1 1000 1000 10 1000 0.049173 0.169714 0.218887 # o2wn13 
#8 1 1000 1000 10 1000 0.056068 0.160393 0.216461 # o2wn13 
#8 1 1000 1000 10 0 0.063306 0.165337 0.228643 # o2wn13 
#8 1 1000 1000 10 0 0.059561 0.166720 0.226281 # o2wn13 
#8 1 1000 1000 10 0 0.058444 0.166694 0.225138 # o2wn13 
#8 1 1000 1000 10 0 0.052082 0.174622 0.226704 # o2wn13 
#8 1 1000 1000 10 0 0.050000 0.174763 0.224763 # o2wn13 
8 1 1000 1000 10 0 0.065452 0.163232 0.228684 # o2wn13 
#8 1 1000 1000 10 0 0.050473 0.175816 0.226289 # o2wn13 
#8 1 1000 1000 10 0 0.055697 0.172671 0.228368 # o2wn13 
4 1 17000 17000 10 1000 10.786935 48.767126 59.554061 # o2wn13 
#4 1 17000 17000 10 1000 11.522866 48.031233 59.554099 # o2wn13 
#4 1 17000 17000 10 1000 12.208037 47.346102 59.554139 # o2wn13 
#4 1 17000 17000 10 1000 12.159345 47.394869 59.554214 # o2wn13 
4 1 17000 17000 10 0 11.498336 48.402065 59.900401 # o2wn13 
#4 1 17000 17000 10 0 11.502738 48.397506 59.900244 # o2wn13 
#4 1 17000 17000 10 0 12.283761 47.616481 59.900242 # o2wn13 
#4 1 17000 17000 10 0 12.191379 47.706436 59.897815 # o2wn13 
4 1 8000 8000 10 1000 2.674972 9.745288 12.420260 # o2wn13 
#4 1 8000 8000 10 1000 2.672832 9.744745 12.417577 # o2wn13 
#4 1 8000 8000 10 1000 2.573627 9.844236 12.417863 # o2wn13 
#4 1 8000 8000 10 1000 2.574980 9.845014 12.419994 # o2wn13 
4 1 8000 8000 10 0 2.641524 9.793730 12.435254 # o2wn13 
#4 1 8000 8000 10 0 2.393514 10.034115 12.427629 # o2wn13 
#4 1 8000 8000 10 0 2.629832 9.798002 12.427834 # o2wn13 
#4 1 8000 8000 10 0 2.569040 9.866213 12.435253 # o2wn13 
4 1 4000 4000 10 1000 0.661424 2.425153 3.086577 # o2wn13 
#4 1 4000 4000 10 1000 0.655851 2.430726 3.086577 # o2wn13 
#4 1 4000 4000 10 1000 0.677125 2.409509 3.086634 # o2wn13 
#4 1 4000 4000 10 1000 0.631178 2.455457 3.086635 # o2wn13 
4 1 4000 4000 10 0 0.698969 2.443888 3.142857 # o2wn13 
#4 1 4000 4000 10 0 0.618736 2.527473 3.146209 # o2wn13 
#4 1 4000 4000 10 0 0.636410 2.510094 3.146504 # o2wn13 
#4 1 4000 4000 10 0 0.676881 2.462142 3.139023 # o2wn13 
4 1 2000 2000 10 1000 0.184005 0.718918 0.902923 # o2wn13 
#4 1 2000 2000 10 1000 0.204714 0.701496 0.906210 # o2wn13 
#4 1 2000 2000 10 1000 0.171954 0.728797 0.900751 # o2wn13 
#4 1 2000 2000 10 1000 0.212534 0.692940 0.905474 # o2wn13 
4 1 2000 2000 10 0 0.213280 0.603192 0.816472 # o2wn13 
#4 1 2000 2000 10 0 0.185883 0.630590 0.816473 # o2wn13 
#4 1 2000 2000 10 0 0.181281 0.629412 0.810693 # o2wn13 
#4 1 2000 2000 10 0 0.176255 0.640332 0.816587 # o2wn13 
4 1 1000 1000 10 1000 0.052096 0.161547 0.213643 # o2wn13 
#4 1 1000 1000 10 1000 0.061995 0.152470 0.214465 # o2wn13 
#4 1 1000 1000 10 1000 0.063384 0.152152 0.215536 # o2wn13 
#4 1 1000 1000 10 1000 0.053051 0.162470 0.215521 # o2wn13 
4 1 1000 1000 10 0 0.053692 0.160827 0.214519 # o2wn13 
#4 1 1000 1000 10 0 0.062296 0.155396 0.217692 # o2wn13 
#4 1 1000 1000 10 0 0.055672 0.163154 0.218826 # o2wn13 
#4 1 1000 1000 10 0 0.057162 0.156488 0.213650 # o2wn13 
1 1 17000 17000 10 1000 11.494702 44.081145 55.575847 # o2wn13 
1 1 17000 17000 10 0 11.497097 43.997436 55.494533 # o2wn13 
1 1 8000 8000 10 1000 2.563220 9.011011 11.574231 # o2wn13 
1 1 8000 8000 10 0 2.553214 9.071351 11.624565 # o2wn13 
1 1 4000 4000 10 1000 0.684377 2.262875 2.947252 # o2wn13 
1 1 4000 4000 10 0 0.647802 2.250094 2.897896 # o2wn13 
1 1 2000 2000 10 1000 0.167005 0.561205 0.728210 # o2wn13 
1 1 2000 2000 10 0 0.166023 0.561077 0.727100 # o2wn13 
1 1 1000 1000 10 1000 0.047267 0.139331 0.186598 # o2wn13 
1 1 1000 1000 10 0 0.046711 0.139970 0.186681 # o2wn13 
